
2025/01/17 12:31:37 C:/Users/IT02/Desktop/Labelprinter/Procurement Search/golang-gin-web-api-template/internal/pkg/database/database.go:75
[info] replacing callback `gorm:create` from C:/Users/IT02/Desktop/Labelprinter/Procurement Search/golang-gin-web-api-template/internal/pkg/database/database.go:75

2025/01/17 12:31:37 C:/Users/IT02/Desktop/Labelprinter/Procurement Search/golang-gin-web-api-template/internal/pkg/database/database.go:75
[info] replacing callback `gorm:update` from C:/Users/IT02/Desktop/Labelprinter/Procurement Search/golang-gin-web-api-template/internal/pkg/database/database.go:75

2025/01/17 12:52:28 C:/Users/IT02/Desktop/Labelprinter/Procurement Search/golang-gin-web-api-template/internal/pkg/database/database.go:75
[info] replacing callback `gorm:create` from C:/Users/IT02/Desktop/Labelprinter/Procurement Search/golang-gin-web-api-template/internal/pkg/database/database.go:75

2025/01/17 12:52:28 C:/Users/IT02/Desktop/Labelprinter/Procurement Search/golang-gin-web-api-template/internal/pkg/database/database.go:75
[info] replacing callback `gorm:update` from C:/Users/IT02/Desktop/Labelprinter/Procurement Search/golang-gin-web-api-template/internal/pkg/database/database.go:75

2025/01/17 12:56:24 C:/Users/IT02/Desktop/Labelprinter/Procurement Search/golang-gin-web-api-template/internal/pkg/database/database.go:75
[info] replacing callback `gorm:create` from C:/Users/IT02/Desktop/Labelprinter/Procurement Search/golang-gin-web-api-template/internal/pkg/database/database.go:75

2025/01/17 12:56:24 C:/Users/IT02/Desktop/Labelprinter/Procurement Search/golang-gin-web-api-template/internal/pkg/database/database.go:75
[info] replacing callback `gorm:update` from C:/Users/IT02/Desktop/Labelprinter/Procurement Search/golang-gin-web-api-template/internal/pkg/database/database.go:75

2025/01/17 13:18:38 C:/Users/IT02/Desktop/Labelprinter/Procurement Search/golang-gin-web-api-template/internal/pkg/database/database.go:75
[info] replacing callback `gorm:create` from C:/Users/IT02/Desktop/Labelprinter/Procurement Search/golang-gin-web-api-template/internal/pkg/database/database.go:75

2025/01/17 13:18:38 C:/Users/IT02/Desktop/Labelprinter/Procurement Search/golang-gin-web-api-template/internal/pkg/database/database.go:75
[info] replacing callback `gorm:update` from C:/Users/IT02/Desktop/Labelprinter/Procurement Search/golang-gin-web-api-template/internal/pkg/database/database.go:75

2025/01/17 14:51:54 C:/Users/IT02/Desktop/Labelprinter/Procurement Search/golang-gin-web-api-template/internal/pkg/database/database.go:75
[info] replacing callback `gorm:create` from C:/Users/IT02/Desktop/Labelprinter/Procurement Search/golang-gin-web-api-template/internal/pkg/database/database.go:75

2025/01/17 14:51:54 C:/Users/IT02/Desktop/Labelprinter/Procurement Search/golang-gin-web-api-template/internal/pkg/database/database.go:75
[info] replacing callback `gorm:update` from C:/Users/IT02/Desktop/Labelprinter/Procurement Search/golang-gin-web-api-template/internal/pkg/database/database.go:75

2025/01/17 15:17:43 C:/Users/IT02/Desktop/Labelprinter/Procurement Search/golang-gin-web-api-template/internal/pkg/database/database.go:75
[info] replacing callback `gorm:create` from C:/Users/IT02/Desktop/Labelprinter/Procurement Search/golang-gin-web-api-template/internal/pkg/database/database.go:75

2025/01/17 15:17:43 C:/Users/IT02/Desktop/Labelprinter/Procurement Search/golang-gin-web-api-template/internal/pkg/database/database.go:75
[info] replacing callback `gorm:update` from C:/Users/IT02/Desktop/Labelprinter/Procurement Search/golang-gin-web-api-template/internal/pkg/database/database.go:75

2025/01/17 15:21:55 C:/Users/IT02/Desktop/Labelprinter/Procurement Search/golang-gin-web-api-template/internal/pkg/database/database.go:75
[info] replacing callback `gorm:create` from C:/Users/IT02/Desktop/Labelprinter/Procurement Search/golang-gin-web-api-template/internal/pkg/database/database.go:75

2025/01/17 15:21:55 C:/Users/IT02/Desktop/Labelprinter/Procurement Search/golang-gin-web-api-template/internal/pkg/database/database.go:75
[info] replacing callback `gorm:update` from C:/Users/IT02/Desktop/Labelprinter/Procurement Search/golang-gin-web-api-template/internal/pkg/database/database.go:75

2025/01/17 15:22:08 C:/Users/IT02/Desktop/Labelprinter/Procurement Search/golang-gin-web-api-template/internal/pkg/database/database.go:75
[info] replacing callback `gorm:create` from C:/Users/IT02/Desktop/Labelprinter/Procurement Search/golang-gin-web-api-template/internal/pkg/database/database.go:75

2025/01/17 15:22:08 C:/Users/IT02/Desktop/Labelprinter/Procurement Search/golang-gin-web-api-template/internal/pkg/database/database.go:75
[info] replacing callback `gorm:update` from C:/Users/IT02/Desktop/Labelprinter/Procurement Search/golang-gin-web-api-template/internal/pkg/database/database.go:75

2025/01/17 15:23:11 C:/Users/IT02/Desktop/Labelprinter/Procurement Search/golang-gin-web-api-template/internal/pkg/database/database.go:75
[info] replacing callback `gorm:create` from C:/Users/IT02/Desktop/Labelprinter/Procurement Search/golang-gin-web-api-template/internal/pkg/database/database.go:75

2025/01/17 15:23:11 C:/Users/IT02/Desktop/Labelprinter/Procurement Search/golang-gin-web-api-template/internal/pkg/database/database.go:75
[info] replacing callback `gorm:update` from C:/Users/IT02/Desktop/Labelprinter/Procurement Search/golang-gin-web-api-template/internal/pkg/database/database.go:75

2025/01/17 15:23:29 C:/Users/IT02/Desktop/Labelprinter/Procurement Search/golang-gin-web-api-template/internal/pkg/database/database.go:75
[info] replacing callback `gorm:create` from C:/Users/IT02/Desktop/Labelprinter/Procurement Search/golang-gin-web-api-template/internal/pkg/database/database.go:75

2025/01/17 15:23:29 C:/Users/IT02/Desktop/Labelprinter/Procurement Search/golang-gin-web-api-template/internal/pkg/database/database.go:75
[info] replacing callback `gorm:update` from C:/Users/IT02/Desktop/Labelprinter/Procurement Search/golang-gin-web-api-template/internal/pkg/database/database.go:75

2025/01/17 15:41:39 C:/Users/IT02/Desktop/Labelprinter/Procurement Search/golang-gin-web-api-template/internal/pkg/database/database.go:75
[info] replacing callback `gorm:create` from C:/Users/IT02/Desktop/Labelprinter/Procurement Search/golang-gin-web-api-template/internal/pkg/database/database.go:75

2025/01/17 15:41:39 C:/Users/IT02/Desktop/Labelprinter/Procurement Search/golang-gin-web-api-template/internal/pkg/database/database.go:75
[info] replacing callback `gorm:update` from C:/Users/IT02/Desktop/Labelprinter/Procurement Search/golang-gin-web-api-template/internal/pkg/database/database.go:75

2025/01/17 15:42:07 C:/Users/IT02/Desktop/Labelprinter/Procurement Search/golang-gin-web-api-template/internal/pkg/database/database.go:75
[info] replacing callback `gorm:create` from C:/Users/IT02/Desktop/Labelprinter/Procurement Search/golang-gin-web-api-template/internal/pkg/database/database.go:75

2025/01/17 15:42:07 C:/Users/IT02/Desktop/Labelprinter/Procurement Search/golang-gin-web-api-template/internal/pkg/database/database.go:75
[info] replacing callback `gorm:update` from C:/Users/IT02/Desktop/Labelprinter/Procurement Search/golang-gin-web-api-template/internal/pkg/database/database.go:75

2025/01/17 15:45:15 C:/Users/IT02/Desktop/Labelprinter/Procurement Search/golang-gin-web-api-template/internal/pkg/database/database.go:75
[info] replacing callback `gorm:create` from C:/Users/IT02/Desktop/Labelprinter/Procurement Search/golang-gin-web-api-template/internal/pkg/database/database.go:75

2025/01/17 15:45:15 C:/Users/IT02/Desktop/Labelprinter/Procurement Search/golang-gin-web-api-template/internal/pkg/database/database.go:75
[info] replacing callback `gorm:update` from C:/Users/IT02/Desktop/Labelprinter/Procurement Search/golang-gin-web-api-template/internal/pkg/database/database.go:75

2025/01/17 15:45:17 C:/Users/IT02/Desktop/Labelprinter/Procurement Search/golang-gin-web-api-template/internal/pkg/database/database.go:75
[info] replacing callback `gorm:create` from C:/Users/IT02/Desktop/Labelprinter/Procurement Search/golang-gin-web-api-template/internal/pkg/database/database.go:75

2025/01/17 15:45:17 C:/Users/IT02/Desktop/Labelprinter/Procurement Search/golang-gin-web-api-template/internal/pkg/database/database.go:75
[info] replacing callback `gorm:update` from C:/Users/IT02/Desktop/Labelprinter/Procurement Search/golang-gin-web-api-template/internal/pkg/database/database.go:75

2025/01/17 15:45:17 C:/Users/IT02/Desktop/Labelprinter/Procurement Search/golang-gin-web-api-template/internal/api/services/Procurement_Search.go:49
[156.905ms] [rows:0] select *, DATEDIFF(DAY, Startdate, EndDate) as DiffDay from
	(
		select DDBH,
		(select top 1 USERDATE from KCRKS where CGBH = ddzl.DDBH order by USERDATE) as StartDate,
		(select top 1 INDATE from YWCP where DDBH = ddzl.DDBH order by INDATE Desc) as EndDate
		from (
			select *,(select sum(QTY) from YWCP
			where DDBH = ddzl.DDBH) as OKQTY from (
				select DDBH, Pairs from ddzl
				where left(BUYNO, 6) = '' and GSBH = '' and pairs > 1
			) ddzl
		) ddzl
		where pairs = OKQTY
	) YWCP1
	order by DiffDay

2025/01/17 15:45:45 C:/Users/IT02/Desktop/Labelprinter/Procurement Search/golang-gin-web-api-template/internal/pkg/database/database.go:75
[info] replacing callback `gorm:create` from C:/Users/IT02/Desktop/Labelprinter/Procurement Search/golang-gin-web-api-template/internal/pkg/database/database.go:75

2025/01/17 15:45:45 C:/Users/IT02/Desktop/Labelprinter/Procurement Search/golang-gin-web-api-template/internal/pkg/database/database.go:75
[info] replacing callback `gorm:update` from C:/Users/IT02/Desktop/Labelprinter/Procurement Search/golang-gin-web-api-template/internal/pkg/database/database.go:75

2025/01/17 15:45:47 C:/Users/IT02/Desktop/Labelprinter/Procurement Search/golang-gin-web-api-template/internal/pkg/database/database.go:75
[info] replacing callback `gorm:create` from C:/Users/IT02/Desktop/Labelprinter/Procurement Search/golang-gin-web-api-template/internal/pkg/database/database.go:75

2025/01/17 15:45:47 C:/Users/IT02/Desktop/Labelprinter/Procurement Search/golang-gin-web-api-template/internal/pkg/database/database.go:75
[info] replacing callback `gorm:update` from C:/Users/IT02/Desktop/Labelprinter/Procurement Search/golang-gin-web-api-template/internal/pkg/database/database.go:75

2025/01/17 15:45:47 C:/Users/IT02/Desktop/Labelprinter/Procurement Search/golang-gin-web-api-template/internal/api/services/Procurement_Search.go:49
[106.618ms] [rows:0] select *, DATEDIFF(DAY, Startdate, EndDate) as DiffDay from
	(
		select DDBH,
		(select top 1 USERDATE from KCRKS where CGBH = ddzl.DDBH order by USERDATE) as StartDate,
		(select top 1 INDATE from YWCP where DDBH = ddzl.DDBH order by INDATE Desc) as EndDate
		from (
			select *,(select sum(QTY) from YWCP
			where DDBH = ddzl.DDBH) as OKQTY from (
				select DDBH, Pairs from ddzl
				where left(BUYNO, 6) = '' and GSBH = '' and pairs > 1
			) ddzl
		) ddzl
		where pairs = OKQTY
	) YWCP1
	order by DiffDay

2025/01/17 15:46:11 C:/Users/IT02/Desktop/Labelprinter/Procurement Search/golang-gin-web-api-template/internal/pkg/database/database.go:75
[info] replacing callback `gorm:create` from C:/Users/IT02/Desktop/Labelprinter/Procurement Search/golang-gin-web-api-template/internal/pkg/database/database.go:75

2025/01/17 15:46:11 C:/Users/IT02/Desktop/Labelprinter/Procurement Search/golang-gin-web-api-template/internal/pkg/database/database.go:75
[info] replacing callback `gorm:update` from C:/Users/IT02/Desktop/Labelprinter/Procurement Search/golang-gin-web-api-template/internal/pkg/database/database.go:75

2025/01/17 15:46:11 C:/Users/IT02/Desktop/Labelprinter/Procurement Search/golang-gin-web-api-template/internal/api/services/Procurement_Search.go:49
[101.258ms] [rows:0] select *, DATEDIFF(DAY, Startdate, EndDate) as DiffDay from
	(
		select DDBH,
		(select top 1 USERDATE from KCRKS where CGBH = ddzl.DDBH order by USERDATE) as StartDate,
		(select top 1 INDATE from YWCP where DDBH = ddzl.DDBH order by INDATE Desc) as EndDate
		from (
			select *,(select sum(QTY) from YWCP
			where DDBH = ddzl.DDBH) as OKQTY from (
				select DDBH, Pairs from ddzl
				where left(BUYNO, 6) = '' and GSBH = '' and pairs > 1
			) ddzl
		) ddzl
		where pairs = OKQTY
	) YWCP1
	order by DiffDay

2025/01/17 15:46:13 C:/Users/IT02/Desktop/Labelprinter/Procurement Search/golang-gin-web-api-template/internal/pkg/database/database.go:75
[info] replacing callback `gorm:create` from C:/Users/IT02/Desktop/Labelprinter/Procurement Search/golang-gin-web-api-template/internal/pkg/database/database.go:75

2025/01/17 15:46:13 C:/Users/IT02/Desktop/Labelprinter/Procurement Search/golang-gin-web-api-template/internal/pkg/database/database.go:75
[info] replacing callback `gorm:update` from C:/Users/IT02/Desktop/Labelprinter/Procurement Search/golang-gin-web-api-template/internal/pkg/database/database.go:75

2025/01/17 15:46:13 C:/Users/IT02/Desktop/Labelprinter/Procurement Search/golang-gin-web-api-template/internal/api/services/Procurement_Search.go:49
[107.245ms] [rows:0] select *, DATEDIFF(DAY, Startdate, EndDate) as DiffDay from
	(
		select DDBH,
		(select top 1 USERDATE from KCRKS where CGBH = ddzl.DDBH order by USERDATE) as StartDate,
		(select top 1 INDATE from YWCP where DDBH = ddzl.DDBH order by INDATE Desc) as EndDate
		from (
			select *,(select sum(QTY) from YWCP
			where DDBH = ddzl.DDBH) as OKQTY from (
				select DDBH, Pairs from ddzl
				where left(BUYNO, 6) = '' and GSBH = '' and pairs > 1
			) ddzl
		) ddzl
		where pairs = OKQTY
	) YWCP1
	order by DiffDay

2025/01/17 15:46:37 C:/Users/IT02/Desktop/Labelprinter/Procurement Search/golang-gin-web-api-template/internal/pkg/database/database.go:75
[info] replacing callback `gorm:create` from C:/Users/IT02/Desktop/Labelprinter/Procurement Search/golang-gin-web-api-template/internal/pkg/database/database.go:75

2025/01/17 15:46:37 C:/Users/IT02/Desktop/Labelprinter/Procurement Search/golang-gin-web-api-template/internal/pkg/database/database.go:75
[info] replacing callback `gorm:update` from C:/Users/IT02/Desktop/Labelprinter/Procurement Search/golang-gin-web-api-template/internal/pkg/database/database.go:75

2025/01/17 15:46:40 C:/Users/IT02/Desktop/Labelprinter/Procurement Search/golang-gin-web-api-template/internal/pkg/database/database.go:75
[info] replacing callback `gorm:create` from C:/Users/IT02/Desktop/Labelprinter/Procurement Search/golang-gin-web-api-template/internal/pkg/database/database.go:75

2025/01/17 15:46:40 C:/Users/IT02/Desktop/Labelprinter/Procurement Search/golang-gin-web-api-template/internal/pkg/database/database.go:75
[info] replacing callback `gorm:update` from C:/Users/IT02/Desktop/Labelprinter/Procurement Search/golang-gin-web-api-template/internal/pkg/database/database.go:75

2025/01/17 15:46:40 C:/Users/IT02/Desktop/Labelprinter/Procurement Search/golang-gin-web-api-template/internal/api/services/Procurement_Search.go:49
[109.673ms] [rows:0] select *, DATEDIFF(DAY, Startdate, EndDate) as DiffDay from
	(
		select DDBH,
		(select top 1 USERDATE from KCRKS where CGBH = ddzl.DDBH order by USERDATE) as StartDate,
		(select top 1 INDATE from YWCP where DDBH = ddzl.DDBH order by INDATE Desc) as EndDate
		from (
			select *,(select sum(QTY) from YWCP
			where DDBH = ddzl.DDBH) as OKQTY from (
				select DDBH, Pairs from ddzl
				where left(BUYNO, 6) = '' and GSBH = '' and pairs > 1
			) ddzl
		) ddzl
		where pairs = OKQTY
	) YWCP1
	order by DiffDay

2025/01/17 15:47:34 C:/Users/IT02/Desktop/Labelprinter/Procurement Search/golang-gin-web-api-template/internal/pkg/database/database.go:75
[info] replacing callback `gorm:create` from C:/Users/IT02/Desktop/Labelprinter/Procurement Search/golang-gin-web-api-template/internal/pkg/database/database.go:75

2025/01/17 15:47:34 C:/Users/IT02/Desktop/Labelprinter/Procurement Search/golang-gin-web-api-template/internal/pkg/database/database.go:75
[info] replacing callback `gorm:update` from C:/Users/IT02/Desktop/Labelprinter/Procurement Search/golang-gin-web-api-template/internal/pkg/database/database.go:75

2025/01/17 15:47:37 C:/Users/IT02/Desktop/Labelprinter/Procurement Search/golang-gin-web-api-template/internal/pkg/database/database.go:75
[info] replacing callback `gorm:create` from C:/Users/IT02/Desktop/Labelprinter/Procurement Search/golang-gin-web-api-template/internal/pkg/database/database.go:75

2025/01/17 15:47:37 C:/Users/IT02/Desktop/Labelprinter/Procurement Search/golang-gin-web-api-template/internal/pkg/database/database.go:75
[info] replacing callback `gorm:update` from C:/Users/IT02/Desktop/Labelprinter/Procurement Search/golang-gin-web-api-template/internal/pkg/database/database.go:75

2025/01/17 15:47:37 C:/Users/IT02/Desktop/Labelprinter/Procurement Search/golang-gin-web-api-template/internal/api/services/Procurement_Search.go:49
[112.654ms] [rows:0] select *, DATEDIFF(DAY, Startdate, EndDate) as DiffDay from
	(
		select DDBH,
		(select top 1 USERDATE from KCRKS where CGBH = ddzl.DDBH order by USERDATE) as StartDate,
		(select top 1 INDATE from YWCP where DDBH = ddzl.DDBH order by INDATE Desc) as EndDate
		from (
			select *,(select sum(QTY) from YWCP
			where DDBH = ddzl.DDBH) as OKQTY from (
				select DDBH, Pairs from ddzl
				where left(BUYNO, 6) = '' and GSBH = '' and pairs > 1
			) ddzl
		) ddzl
		where pairs = OKQTY
	) YWCP1
	order by DiffDay

2025/01/17 15:48:11 C:/Users/IT02/Desktop/Labelprinter/Procurement Search/golang-gin-web-api-template/internal/pkg/database/database.go:75
[info] replacing callback `gorm:create` from C:/Users/IT02/Desktop/Labelprinter/Procurement Search/golang-gin-web-api-template/internal/pkg/database/database.go:75

2025/01/17 15:48:11 C:/Users/IT02/Desktop/Labelprinter/Procurement Search/golang-gin-web-api-template/internal/pkg/database/database.go:75
[info] replacing callback `gorm:update` from C:/Users/IT02/Desktop/Labelprinter/Procurement Search/golang-gin-web-api-template/internal/pkg/database/database.go:75

2025/01/17 15:48:13 C:/Users/IT02/Desktop/Labelprinter/Procurement Search/golang-gin-web-api-template/internal/pkg/database/database.go:75
[info] replacing callback `gorm:create` from C:/Users/IT02/Desktop/Labelprinter/Procurement Search/golang-gin-web-api-template/internal/pkg/database/database.go:75

2025/01/17 15:48:13 C:/Users/IT02/Desktop/Labelprinter/Procurement Search/golang-gin-web-api-template/internal/pkg/database/database.go:75
[info] replacing callback `gorm:update` from C:/Users/IT02/Desktop/Labelprinter/Procurement Search/golang-gin-web-api-template/internal/pkg/database/database.go:75

2025/01/17 15:48:13 C:/Users/IT02/Desktop/Labelprinter/Procurement Search/golang-gin-web-api-template/internal/api/services/Procurement_Search.go:49
[104.642ms] [rows:0] select *, DATEDIFF(DAY, Startdate, EndDate) as DiffDay from
	(
		select DDBH,
		(select top 1 USERDATE from KCRKS where CGBH = ddzl.DDBH order by USERDATE) as StartDate,
		(select top 1 INDATE from YWCP where DDBH = ddzl.DDBH order by INDATE Desc) as EndDate
		from (
			select *,(select sum(QTY) from YWCP
			where DDBH = ddzl.DDBH) as OKQTY from (
				select DDBH, Pairs from ddzl
				where left(BUYNO, 6) = '' and GSBH = '' and pairs > 1
			) ddzl
		) ddzl
		where pairs = OKQTY
	) YWCP1
	order by DiffDay

2025/01/17 15:48:25 C:/Users/IT02/Desktop/Labelprinter/Procurement Search/golang-gin-web-api-template/internal/pkg/database/database.go:75
[info] replacing callback `gorm:create` from C:/Users/IT02/Desktop/Labelprinter/Procurement Search/golang-gin-web-api-template/internal/pkg/database/database.go:75

2025/01/17 15:48:25 C:/Users/IT02/Desktop/Labelprinter/Procurement Search/golang-gin-web-api-template/internal/pkg/database/database.go:75
[info] replacing callback `gorm:update` from C:/Users/IT02/Desktop/Labelprinter/Procurement Search/golang-gin-web-api-template/internal/pkg/database/database.go:75

2025/01/17 15:48:27 C:/Users/IT02/Desktop/Labelprinter/Procurement Search/golang-gin-web-api-template/internal/pkg/database/database.go:75
[info] replacing callback `gorm:create` from C:/Users/IT02/Desktop/Labelprinter/Procurement Search/golang-gin-web-api-template/internal/pkg/database/database.go:75

2025/01/17 15:48:27 C:/Users/IT02/Desktop/Labelprinter/Procurement Search/golang-gin-web-api-template/internal/pkg/database/database.go:75
[info] replacing callback `gorm:update` from C:/Users/IT02/Desktop/Labelprinter/Procurement Search/golang-gin-web-api-template/internal/pkg/database/database.go:75

2025/01/17 15:48:27 C:/Users/IT02/Desktop/Labelprinter/Procurement Search/golang-gin-web-api-template/internal/api/services/Procurement_Search.go:49
[103.992ms] [rows:0] select *, DATEDIFF(DAY, Startdate, EndDate) as DiffDay from
	(
		select DDBH,
		(select top 1 USERDATE from KCRKS where CGBH = ddzl.DDBH order by USERDATE) as StartDate,
		(select top 1 INDATE from YWCP where DDBH = ddzl.DDBH order by INDATE Desc) as EndDate
		from (
			select *,(select sum(QTY) from YWCP
			where DDBH = ddzl.DDBH) as OKQTY from (
				select DDBH, Pairs from ddzl
				where left(BUYNO, 6) = '' and GSBH = '' and pairs > 1
			) ddzl
		) ddzl
		where pairs = OKQTY
	) YWCP1
	order by DiffDay

2025/01/17 15:49:12 C:/Users/IT02/Desktop/Labelprinter/Procurement Search/golang-gin-web-api-template/internal/pkg/database/database.go:75
[info] replacing callback `gorm:create` from C:/Users/IT02/Desktop/Labelprinter/Procurement Search/golang-gin-web-api-template/internal/pkg/database/database.go:75

2025/01/17 15:49:12 C:/Users/IT02/Desktop/Labelprinter/Procurement Search/golang-gin-web-api-template/internal/pkg/database/database.go:75
[info] replacing callback `gorm:update` from C:/Users/IT02/Desktop/Labelprinter/Procurement Search/golang-gin-web-api-template/internal/pkg/database/database.go:75

2025/01/17 15:49:14 C:/Users/IT02/Desktop/Labelprinter/Procurement Search/golang-gin-web-api-template/internal/pkg/database/database.go:75
[info] replacing callback `gorm:create` from C:/Users/IT02/Desktop/Labelprinter/Procurement Search/golang-gin-web-api-template/internal/pkg/database/database.go:75

2025/01/17 15:49:14 C:/Users/IT02/Desktop/Labelprinter/Procurement Search/golang-gin-web-api-template/internal/pkg/database/database.go:75
[info] replacing callback `gorm:update` from C:/Users/IT02/Desktop/Labelprinter/Procurement Search/golang-gin-web-api-template/internal/pkg/database/database.go:75

2025/01/17 15:49:14 C:/Users/IT02/Desktop/Labelprinter/Procurement Search/golang-gin-web-api-template/internal/api/services/Procurement_Search.go:49
[110.153ms] [rows:0] select *, DATEDIFF(DAY, Startdate, EndDate) as DiffDay from
	(
		select DDBH,
		(select top 1 USERDATE from KCRKS where CGBH = ddzl.DDBH order by USERDATE) as StartDate,
		(select top 1 INDATE from YWCP where DDBH = ddzl.DDBH order by INDATE Desc) as EndDate
		from (
			select *,(select sum(QTY) from YWCP
			where DDBH = ddzl.DDBH) as OKQTY from (
				select DDBH, Pairs from ddzl
				where left(BUYNO, 6) = '' and GSBH = '' and pairs > 1
			) ddzl
		) ddzl
		where pairs = OKQTY
	) YWCP1
	order by DiffDay

2025/01/17 15:49:15 C:/Users/IT02/Desktop/Labelprinter/Procurement Search/golang-gin-web-api-template/internal/pkg/database/database.go:75
[info] replacing callback `gorm:create` from C:/Users/IT02/Desktop/Labelprinter/Procurement Search/golang-gin-web-api-template/internal/pkg/database/database.go:75

2025/01/17 15:49:15 C:/Users/IT02/Desktop/Labelprinter/Procurement Search/golang-gin-web-api-template/internal/pkg/database/database.go:75
[info] replacing callback `gorm:update` from C:/Users/IT02/Desktop/Labelprinter/Procurement Search/golang-gin-web-api-template/internal/pkg/database/database.go:75

2025/01/17 15:49:15 C:/Users/IT02/Desktop/Labelprinter/Procurement Search/golang-gin-web-api-template/internal/api/services/Procurement_Search.go:49
[104.766ms] [rows:0] select *, DATEDIFF(DAY, Startdate, EndDate) as DiffDay from
	(
		select DDBH,
		(select top 1 USERDATE from KCRKS where CGBH = ddzl.DDBH order by USERDATE) as StartDate,
		(select top 1 INDATE from YWCP where DDBH = ddzl.DDBH order by INDATE Desc) as EndDate
		from (
			select *,(select sum(QTY) from YWCP
			where DDBH = ddzl.DDBH) as OKQTY from (
				select DDBH, Pairs from ddzl
				where left(BUYNO, 6) = '' and GSBH = '' and pairs > 1
			) ddzl
		) ddzl
		where pairs = OKQTY
	) YWCP1
	order by DiffDay

2025/01/17 15:51:02 C:/Users/IT02/Desktop/Labelprinter/Procurement Search/golang-gin-web-api-template/internal/pkg/database/database.go:75
[info] replacing callback `gorm:create` from C:/Users/IT02/Desktop/Labelprinter/Procurement Search/golang-gin-web-api-template/internal/pkg/database/database.go:75

2025/01/17 15:51:02 C:/Users/IT02/Desktop/Labelprinter/Procurement Search/golang-gin-web-api-template/internal/pkg/database/database.go:75
[info] replacing callback `gorm:update` from C:/Users/IT02/Desktop/Labelprinter/Procurement Search/golang-gin-web-api-template/internal/pkg/database/database.go:75

2025/01/17 15:51:06 C:/Users/IT02/Desktop/Labelprinter/Procurement Search/golang-gin-web-api-template/internal/pkg/database/database.go:75
[info] replacing callback `gorm:create` from C:/Users/IT02/Desktop/Labelprinter/Procurement Search/golang-gin-web-api-template/internal/pkg/database/database.go:75

2025/01/17 15:51:06 C:/Users/IT02/Desktop/Labelprinter/Procurement Search/golang-gin-web-api-template/internal/pkg/database/database.go:75
[info] replacing callback `gorm:update` from C:/Users/IT02/Desktop/Labelprinter/Procurement Search/golang-gin-web-api-template/internal/pkg/database/database.go:75

2025/01/17 15:51:06 C:/Users/IT02/Desktop/Labelprinter/Procurement Search/golang-gin-web-api-template/internal/api/services/Procurement_Search.go:49
[100.591ms] [rows:0] select *, DATEDIFF(DAY, Startdate, EndDate) as DiffDay from
	(
		select DDBH,
		(select top 1 USERDATE from KCRKS where CGBH = ddzl.DDBH order by USERDATE) as StartDate,
		(select top 1 INDATE from YWCP where DDBH = ddzl.DDBH order by INDATE Desc) as EndDate
		from (
			select *,(select sum(QTY) from YWCP
			where DDBH = ddzl.DDBH) as OKQTY from (
				select DDBH, Pairs from ddzl
				where left(BUYNO, 6) = '' and GSBH = '' and pairs > 1
			) ddzl
		) ddzl
		where pairs = OKQTY
	) YWCP1
	order by DiffDay

2025/01/17 15:51:33 C:/Users/IT02/Desktop/Labelprinter/Procurement Search/golang-gin-web-api-template/internal/pkg/database/database.go:75
[info] replacing callback `gorm:create` from C:/Users/IT02/Desktop/Labelprinter/Procurement Search/golang-gin-web-api-template/internal/pkg/database/database.go:75

2025/01/17 15:51:33 C:/Users/IT02/Desktop/Labelprinter/Procurement Search/golang-gin-web-api-template/internal/pkg/database/database.go:75
[info] replacing callback `gorm:update` from C:/Users/IT02/Desktop/Labelprinter/Procurement Search/golang-gin-web-api-template/internal/pkg/database/database.go:75

2025/01/17 15:51:44 C:/Users/IT02/Desktop/Labelprinter/Procurement Search/golang-gin-web-api-template/internal/pkg/database/database.go:75
[info] replacing callback `gorm:create` from C:/Users/IT02/Desktop/Labelprinter/Procurement Search/golang-gin-web-api-template/internal/pkg/database/database.go:75

2025/01/17 15:51:44 C:/Users/IT02/Desktop/Labelprinter/Procurement Search/golang-gin-web-api-template/internal/pkg/database/database.go:75
[info] replacing callback `gorm:update` from C:/Users/IT02/Desktop/Labelprinter/Procurement Search/golang-gin-web-api-template/internal/pkg/database/database.go:75

2025/01/17 15:51:44 C:/Users/IT02/Desktop/Labelprinter/Procurement Search/golang-gin-web-api-template/internal/api/services/Procurement_Search.go:49
[102.069ms] [rows:0] select *, DATEDIFF(DAY, Startdate, EndDate) as DiffDay from
	(
		select DDBH,
		(select top 1 USERDATE from KCRKS where CGBH = ddzl.DDBH order by USERDATE) as StartDate,
		(select top 1 INDATE from YWCP where DDBH = ddzl.DDBH order by INDATE Desc) as EndDate
		from (
			select *,(select sum(QTY) from YWCP
			where DDBH = ddzl.DDBH) as OKQTY from (
				select DDBH, Pairs from ddzl
				where left(BUYNO, 6) = '' and GSBH = '' and pairs > 1
			) ddzl
		) ddzl
		where pairs = OKQTY
	) YWCP1
	order by DiffDay

2025/01/17 15:51:45 C:/Users/IT02/Desktop/Labelprinter/Procurement Search/golang-gin-web-api-template/internal/pkg/database/database.go:75
[info] replacing callback `gorm:create` from C:/Users/IT02/Desktop/Labelprinter/Procurement Search/golang-gin-web-api-template/internal/pkg/database/database.go:75

2025/01/17 15:51:45 C:/Users/IT02/Desktop/Labelprinter/Procurement Search/golang-gin-web-api-template/internal/pkg/database/database.go:75
[info] replacing callback `gorm:update` from C:/Users/IT02/Desktop/Labelprinter/Procurement Search/golang-gin-web-api-template/internal/pkg/database/database.go:75

2025/01/17 15:51:45 C:/Users/IT02/Desktop/Labelprinter/Procurement Search/golang-gin-web-api-template/internal/api/services/Procurement_Search.go:49
[104.672ms] [rows:0] select *, DATEDIFF(DAY, Startdate, EndDate) as DiffDay from
	(
		select DDBH,
		(select top 1 USERDATE from KCRKS where CGBH = ddzl.DDBH order by USERDATE) as StartDate,
		(select top 1 INDATE from YWCP where DDBH = ddzl.DDBH order by INDATE Desc) as EndDate
		from (
			select *,(select sum(QTY) from YWCP
			where DDBH = ddzl.DDBH) as OKQTY from (
				select DDBH, Pairs from ddzl
				where left(BUYNO, 6) = '' and GSBH = '' and pairs > 1
			) ddzl
		) ddzl
		where pairs = OKQTY
	) YWCP1
	order by DiffDay

2025/01/17 15:52:16 C:/Users/IT02/Desktop/Labelprinter/Procurement Search/golang-gin-web-api-template/internal/pkg/database/database.go:75
[info] replacing callback `gorm:create` from C:/Users/IT02/Desktop/Labelprinter/Procurement Search/golang-gin-web-api-template/internal/pkg/database/database.go:75

2025/01/17 15:52:16 C:/Users/IT02/Desktop/Labelprinter/Procurement Search/golang-gin-web-api-template/internal/pkg/database/database.go:75
[info] replacing callback `gorm:update` from C:/Users/IT02/Desktop/Labelprinter/Procurement Search/golang-gin-web-api-template/internal/pkg/database/database.go:75

2025/01/17 15:53:06 C:/Users/IT02/Desktop/Labelprinter/Procurement Search/golang-gin-web-api-template/internal/pkg/database/database.go:75
[info] replacing callback `gorm:create` from C:/Users/IT02/Desktop/Labelprinter/Procurement Search/golang-gin-web-api-template/internal/pkg/database/database.go:75

2025/01/17 15:53:06 C:/Users/IT02/Desktop/Labelprinter/Procurement Search/golang-gin-web-api-template/internal/pkg/database/database.go:75
[info] replacing callback `gorm:update` from C:/Users/IT02/Desktop/Labelprinter/Procurement Search/golang-gin-web-api-template/internal/pkg/database/database.go:75

2025/01/17 15:53:11 C:/Users/IT02/Desktop/Labelprinter/Procurement Search/golang-gin-web-api-template/internal/pkg/database/database.go:75
[info] replacing callback `gorm:create` from C:/Users/IT02/Desktop/Labelprinter/Procurement Search/golang-gin-web-api-template/internal/pkg/database/database.go:75

2025/01/17 15:53:11 C:/Users/IT02/Desktop/Labelprinter/Procurement Search/golang-gin-web-api-template/internal/pkg/database/database.go:75
[info] replacing callback `gorm:update` from C:/Users/IT02/Desktop/Labelprinter/Procurement Search/golang-gin-web-api-template/internal/pkg/database/database.go:75

2025/01/17 15:53:14 C:/Users/IT02/Desktop/Labelprinter/Procurement Search/golang-gin-web-api-template/internal/pkg/database/database.go:75
[info] replacing callback `gorm:create` from C:/Users/IT02/Desktop/Labelprinter/Procurement Search/golang-gin-web-api-template/internal/pkg/database/database.go:75

2025/01/17 15:53:14 C:/Users/IT02/Desktop/Labelprinter/Procurement Search/golang-gin-web-api-template/internal/pkg/database/database.go:75
[info] replacing callback `gorm:update` from C:/Users/IT02/Desktop/Labelprinter/Procurement Search/golang-gin-web-api-template/internal/pkg/database/database.go:75

2025/01/17 15:53:18 C:/Users/IT02/Desktop/Labelprinter/Procurement Search/golang-gin-web-api-template/internal/pkg/database/database.go:75
[info] replacing callback `gorm:create` from C:/Users/IT02/Desktop/Labelprinter/Procurement Search/golang-gin-web-api-template/internal/pkg/database/database.go:75

2025/01/17 15:53:18 C:/Users/IT02/Desktop/Labelprinter/Procurement Search/golang-gin-web-api-template/internal/pkg/database/database.go:75
[info] replacing callback `gorm:update` from C:/Users/IT02/Desktop/Labelprinter/Procurement Search/golang-gin-web-api-template/internal/pkg/database/database.go:75

2025/01/17 15:53:20 C:/Users/IT02/Desktop/Labelprinter/Procurement Search/golang-gin-web-api-template/internal/api/services/Procurement_Search.go:49 SLOW SQL >= 1s
[2195.724ms] [rows:3681] select *, DATEDIFF(DAY, Startdate, EndDate) as DiffDay from
	(
		select DDBH,
		(select top 1 USERDATE from KCRKS where CGBH = ddzl.DDBH order by USERDATE) as StartDate,
		(select top 1 INDATE from YWCP where DDBH = ddzl.DDBH order by INDATE Desc) as EndDate
		from (
			select *,(select sum(QTY) from YWCP
			where DDBH = ddzl.DDBH) as OKQTY from (
				select DDBH, Pairs from ddzl
				where left(BUYNO, 6) = '202407' and GSBH = 'VA12' and pairs > 1
			) ddzl
		) ddzl
		where pairs = OKQTY
	) YWCP1
	order by DiffDay

2025/01/17 15:54:32 C:/Users/IT02/Desktop/Labelprinter/Procurement Search/golang-gin-web-api-template/internal/pkg/database/database.go:75
[info] replacing callback `gorm:create` from C:/Users/IT02/Desktop/Labelprinter/Procurement Search/golang-gin-web-api-template/internal/pkg/database/database.go:75

2025/01/17 15:54:32 C:/Users/IT02/Desktop/Labelprinter/Procurement Search/golang-gin-web-api-template/internal/pkg/database/database.go:75
[info] replacing callback `gorm:update` from C:/Users/IT02/Desktop/Labelprinter/Procurement Search/golang-gin-web-api-template/internal/pkg/database/database.go:75

2025/01/17 15:54:34 C:/Users/IT02/Desktop/Labelprinter/Procurement Search/golang-gin-web-api-template/internal/pkg/database/database.go:75
[info] replacing callback `gorm:create` from C:/Users/IT02/Desktop/Labelprinter/Procurement Search/golang-gin-web-api-template/internal/pkg/database/database.go:75

2025/01/17 15:54:34 C:/Users/IT02/Desktop/Labelprinter/Procurement Search/golang-gin-web-api-template/internal/pkg/database/database.go:75
[info] replacing callback `gorm:update` from C:/Users/IT02/Desktop/Labelprinter/Procurement Search/golang-gin-web-api-template/internal/pkg/database/database.go:75

2025/01/17 15:54:36 C:/Users/IT02/Desktop/Labelprinter/Procurement Search/golang-gin-web-api-template/internal/api/services/Procurement_Search.go:49 SLOW SQL >= 1s
[2125.529ms] [rows:3681] select *, DATEDIFF(DAY, Startdate, EndDate) as DiffDay from
	(
		select DDBH,
		(select top 1 USERDATE from KCRKS where CGBH = ddzl.DDBH order by USERDATE) as StartDate,
		(select top 1 INDATE from YWCP where DDBH = ddzl.DDBH order by INDATE Desc) as EndDate
		from (
			select *,(select sum(QTY) from YWCP
			where DDBH = ddzl.DDBH) as OKQTY from (
				select DDBH, Pairs from ddzl
				where left(BUYNO, 6) = '202407' and GSBH = 'VA12' and pairs > 1
			) ddzl
		) ddzl
		where pairs = OKQTY
	) YWCP1
	order by DiffDay

2025/01/17 16:00:48 C:/Users/IT02/Desktop/Labelprinter/Procurement Search/golang-gin-web-api-template/internal/pkg/database/database.go:75
[info] replacing callback `gorm:create` from C:/Users/IT02/Desktop/Labelprinter/Procurement Search/golang-gin-web-api-template/internal/pkg/database/database.go:75

2025/01/17 16:00:48 C:/Users/IT02/Desktop/Labelprinter/Procurement Search/golang-gin-web-api-template/internal/pkg/database/database.go:75
[info] replacing callback `gorm:update` from C:/Users/IT02/Desktop/Labelprinter/Procurement Search/golang-gin-web-api-template/internal/pkg/database/database.go:75

2025/01/17 16:00:57 C:/Users/IT02/Desktop/Labelprinter/Procurement Search/golang-gin-web-api-template/internal/pkg/database/database.go:75
[info] replacing callback `gorm:create` from C:/Users/IT02/Desktop/Labelprinter/Procurement Search/golang-gin-web-api-template/internal/pkg/database/database.go:75

2025/01/17 16:00:57 C:/Users/IT02/Desktop/Labelprinter/Procurement Search/golang-gin-web-api-template/internal/pkg/database/database.go:75
[info] replacing callback `gorm:update` from C:/Users/IT02/Desktop/Labelprinter/Procurement Search/golang-gin-web-api-template/internal/pkg/database/database.go:75

2025/01/17 16:01:00 C:/Users/IT02/Desktop/Labelprinter/Procurement Search/golang-gin-web-api-template/internal/api/services/Procurement_Search.go:95 SLOW SQL >= 1s
[2497.496ms] [rows:1] 
		SELECT CAST(AVG(CAST(s.DiffDay AS FLOAT)) AS DECIMAL(10, 4)) AS AverageDiffDay
		FROM (
			SELECT *, DATEDIFF(DAY, Startdate, EndDate) AS DiffDay
			FROM (
				SELECT DDBH,
				       (SELECT TOP 1 USERDATE FROM KCRKS WHERE CGBH = ddzl.DDBH ORDER BY USERDATE) AS StartDate,
				       (SELECT TOP 1 INDATE FROM YWCP WHERE DDBH = ddzl.DDBH ORDER BY INDATE DESC) AS EndDate
				FROM (
					SELECT *, (SELECT SUM(QTY) FROM YWCP WHERE DDBH = ddzl.DDBH) AS OKQTY
					FROM (
						SELECT DDBH, Pairs
						FROM ddzl
						WHERE LEFT(BUYNO, 6) = '202407' AND GSBH = 'VA12' AND Pairs > 1
					) ddzl
				) ddzl
				WHERE Pairs = OKQTY
			) YWCP1
		) AS s
	

2025/01/17 16:02:15 C:/Users/IT02/Desktop/Labelprinter/Procurement Search/golang-gin-web-api-template/internal/pkg/database/database.go:75
[info] replacing callback `gorm:create` from C:/Users/IT02/Desktop/Labelprinter/Procurement Search/golang-gin-web-api-template/internal/pkg/database/database.go:75

2025/01/17 16:02:15 C:/Users/IT02/Desktop/Labelprinter/Procurement Search/golang-gin-web-api-template/internal/pkg/database/database.go:75
[info] replacing callback `gorm:update` from C:/Users/IT02/Desktop/Labelprinter/Procurement Search/golang-gin-web-api-template/internal/pkg/database/database.go:75

2025/01/17 16:02:17 C:/Users/IT02/Desktop/Labelprinter/Procurement Search/golang-gin-web-api-template/internal/api/services/Procurement_Search.go:49 SLOW SQL >= 1s
[2283.830ms] [rows:3681] select *, DATEDIFF(DAY, Startdate, EndDate) as DiffDay from
	(
		select DDBH,
		(select top 1 USERDATE from KCRKS where CGBH = ddzl.DDBH order by USERDATE) as StartDate,
		(select top 1 INDATE from YWCP where DDBH = ddzl.DDBH order by INDATE Desc) as EndDate
		from (
			select *,(select sum(QTY) from YWCP
			where DDBH = ddzl.DDBH) as OKQTY from (
				select DDBH, Pairs from ddzl
				where left(BUYNO, 6) = '202407' and GSBH = 'VA12' and pairs > 1
			) ddzl
		) ddzl
		where pairs = OKQTY
	) YWCP1
	order by DiffDay
